<?xml version="1.0" ?>
<!DOCTYPE coverage SYSTEM "http://cobertura.sourceforge.net/xml/coverage-04.dtd">
<coverage lines-valid="470" lines-covered="382" line-rate="0.8128" branches-valid="166" branches-covered="132" branch-rate="0.7951999999999999" timestamp="1658567799374" complexity="0" version="0.1">
  <sources>
    <source>D:\Programming\PitchDeterminer</source>
  </sources>
  <packages>
    <package name="audioModules" line-rate="0.8652" branch-rate="0.8785">
      <classes>
        <class name="AudioFileHandler.js" filename="customModules\audioModules\AudioFileHandler.js" line-rate="0.8571" branch-rate="1">
          <methods>
            <method name="(anonymous_0)" hits="1" signature="()V">
              <lines>
                <line number="8" hits="1"/>
              </lines>
            </method>
            <method name="(anonymous_1)" hits="0" signature="()V">
              <lines>
                <line number="15" hits="0"/>
              </lines>
            </method>
            <method name="(anonymous_2)" hits="4" signature="()V">
              <lines>
                <line number="24" hits="4"/>
              </lines>
            </method>
            <method name="(anonymous_3)" hits="1" signature="()V">
              <lines>
                <line number="30" hits="1"/>
              </lines>
            </method>
            <method name="(anonymous_4)" hits="3" signature="()V">
              <lines>
                <line number="35" hits="3"/>
              </lines>
            </method>
            <method name="(anonymous_5)" hits="1" signature="()V">
              <lines>
                <line number="42" hits="1"/>
              </lines>
            </method>
            <method name="(anonymous_6)" hits="5" signature="()V">
              <lines>
                <line number="45" hits="5"/>
              </lines>
            </method>
            <method name="(anonymous_7)" hits="1" signature="()V">
              <lines>
                <line number="50" hits="1"/>
              </lines>
            </method>
            <method name="(anonymous_8)" hits="1" signature="()V">
              <lines>
                <line number="56" hits="1"/>
              </lines>
            </method>
            <method name="(anonymous_9)" hits="0" signature="()V">
              <lines>
                <line number="59" hits="0"/>
              </lines>
            </method>
          </methods>
          <lines>
            <line number="3" hits="1" branch="false"/>
            <line number="4" hits="1" branch="false"/>
            <line number="5" hits="1" branch="false"/>
            <line number="9" hits="1" branch="false"/>
            <line number="10" hits="1" branch="false"/>
            <line number="11" hits="1" branch="false"/>
            <line number="16" hits="0" branch="false"/>
            <line number="17" hits="0" branch="false"/>
            <line number="25" hits="4" branch="true" condition-coverage="100% (2/2)"/>
            <line number="26" hits="4" branch="false"/>
            <line number="27" hits="4" branch="false"/>
            <line number="31" hits="1" branch="false"/>
            <line number="32" hits="1" branch="false"/>
            <line number="36" hits="3" branch="false"/>
            <line number="37" hits="15" branch="true" condition-coverage="100% (2/2)"/>
            <line number="38" hits="15" branch="false"/>
            <line number="43" hits="1" branch="false"/>
            <line number="45" hits="1" branch="false"/>
            <line number="46" hits="5" branch="false"/>
            <line number="51" hits="1" branch="false"/>
            <line number="53" hits="1" branch="false"/>
            <line number="57" hits="1" branch="false"/>
            <line number="59" hits="1" branch="false"/>
            <line number="60" hits="0" branch="false"/>
            <line number="61" hits="0" branch="false"/>
            <line number="64" hits="1" branch="true" condition-coverage="100% (2/2)"/>
            <line number="66" hits="1" branch="false"/>
            <line number="70" hits="1" branch="false"/>
          </lines>
        </class>
        <class name="AudioHandlerTest.js" filename="customModules\audioModules\AudioHandlerTest.js" line-rate="0.5832999999999999" branch-rate="0.6364">
          <methods>
            <method name="(anonymous_0)" hits="7" signature="()V">
              <lines>
                <line number="15" hits="7"/>
              </lines>
            </method>
            <method name="(anonymous_1)" hits="6" signature="()V">
              <lines>
                <line number="39" hits="6"/>
              </lines>
            </method>
            <method name="(anonymous_2)" hits="0" signature="()V">
              <lines>
                <line number="58" hits="0"/>
              </lines>
            </method>
            <method name="(anonymous_3)" hits="0" signature="()V">
              <lines>
                <line number="62" hits="0"/>
              </lines>
            </method>
            <method name="(anonymous_4)" hits="0" signature="()V">
              <lines>
                <line number="64" hits="0"/>
              </lines>
            </method>
            <method name="(anonymous_5)" hits="0" signature="()V">
              <lines>
                <line number="70" hits="0"/>
              </lines>
            </method>
            <method name="(anonymous_6)" hits="5" signature="()V">
              <lines>
                <line number="86" hits="5"/>
              </lines>
            </method>
            <method name="(anonymous_7)" hits="6" signature="()V">
              <lines>
                <line number="111" hits="6"/>
              </lines>
            </method>
            <method name="(anonymous_8)" hits="5" signature="()V">
              <lines>
                <line number="123" hits="5"/>
              </lines>
            </method>
            <method name="(anonymous_9)" hits="5" signature="()V">
              <lines>
                <line number="127" hits="5"/>
              </lines>
            </method>
            <method name="(anonymous_10)" hits="1280" signature="()V">
              <lines>
                <line number="134" hits="1280"/>
              </lines>
            </method>
            <method name="(anonymous_11)" hits="0" signature="()V">
              <lines>
                <line number="145" hits="0"/>
              </lines>
            </method>
            <method name="(anonymous_12)" hits="15" signature="()V">
              <lines>
                <line number="151" hits="15"/>
              </lines>
            </method>
            <method name="(anonymous_13)" hits="10" signature="()V">
              <lines>
                <line number="157" hits="10"/>
              </lines>
            </method>
            <method name="(anonymous_14)" hits="10" signature="()V">
              <lines>
                <line number="170" hits="10"/>
              </lines>
            </method>
            <method name="(anonymous_15)" hits="10" signature="()V">
              <lines>
                <line number="179" hits="10"/>
              </lines>
            </method>
          </methods>
          <lines>
            <line number="12" hits="1" branch="false"/>
            <line number="13" hits="1" branch="false"/>
            <line number="15" hits="1" branch="false"/>
            <line number="16" hits="7" branch="true" condition-coverage="100% (5/5)"/>
            <line number="18" hits="3" branch="false"/>
            <line number="20" hits="1" branch="false"/>
            <line number="22" hits="1" branch="false"/>
            <line number="24" hits="1" branch="false"/>
            <line number="26" hits="1" branch="false"/>
            <line number="31" hits="6" branch="false"/>
            <line number="32" hits="6" branch="false"/>
            <line number="33" hits="6" branch="false"/>
            <line number="34" hits="6" branch="false"/>
            <line number="35" hits="6" branch="false"/>
            <line number="36" hits="6" branch="false"/>
            <line number="45" hits="6" branch="false"/>
            <line number="47" hits="6" branch="false"/>
            <line number="50" hits="6" branch="false"/>
            <line number="51" hits="6" branch="false"/>
            <line number="53" hits="6" branch="false"/>
            <line number="55" hits="6" branch="false"/>
            <line number="58" hits="6" branch="false"/>
            <line number="59" hits="0" branch="false"/>
            <line number="62" hits="6" branch="false"/>
            <line number="64" hits="6" branch="false"/>
            <line number="74" hits="0" branch="false"/>
            <line number="75" hits="0" branch="true" condition-coverage="0% (0/2)"/>
            <line number="83" hits="0" branch="false"/>
            <line number="89" hits="5" branch="true" condition-coverage="0% (0/2)"/>
            <line number="90" hits="0" branch="false"/>
            <line number="94" hits="0" branch="false"/>
            <line number="96" hits="0" branch="false"/>
            <line number="98" hits="0" branch="false"/>
            <line number="99" hits="0" branch="false"/>
            <line number="100" hits="0" branch="false"/>
            <line number="102" hits="0" branch="false"/>
            <line number="103" hits="0" branch="false"/>
            <line number="104" hits="0" branch="false"/>
            <line number="105" hits="0" branch="false"/>
            <line number="106" hits="0" branch="false"/>
            <line number="108" hits="0" branch="false"/>
            <line number="113" hits="6" branch="false"/>
            <line number="114" hits="6" branch="false"/>
            <line number="124" hits="5" branch="false"/>
            <line number="128" hits="5" branch="false"/>
            <line number="130" hits="5" branch="false"/>
            <line number="132" hits="5" branch="false"/>
            <line number="134" hits="5" branch="false"/>
            <line number="135" hits="1280" branch="false"/>
            <line number="136" hits="1280" branch="false"/>
            <line number="138" hits="1280" branch="false"/>
            <line number="141" hits="5" branch="false"/>
            <line number="146" hits="0" branch="false"/>
            <line number="148" hits="0" branch="false"/>
            <line number="152" hits="15" branch="true" condition-coverage="100% (2/2)"/>
            <line number="154" hits="10" branch="false"/>
            <line number="158" hits="10" branch="true" condition-coverage="50% (1/2)"/>
            <line number="160" hits="0" branch="false"/>
            <line number="161" hits="0" branch="false"/>
            <line number="162" hits="0" branch="false"/>
            <line number="163" hits="0" branch="false"/>
            <line number="164" hits="0" branch="false"/>
            <line number="171" hits="10" branch="true" condition-coverage="50% (1/2)"/>
            <line number="173" hits="0" branch="false"/>
            <line number="174" hits="0" branch="false"/>
            <line number="175" hits="0" branch="false"/>
            <line number="176" hits="0" branch="false"/>
            <line number="180" hits="10" branch="true" condition-coverage="50% (1/2)"/>
            <line number="182" hits="0" branch="false"/>
            <line number="183" hits="0" branch="false"/>
            <line number="184" hits="0" branch="false"/>
            <line number="188" hits="1" branch="false"/>
          </lines>
        </class>
        <class name="FrequencyMath.js" filename="customModules\audioModules\FrequencyMath.js" line-rate="1" branch-rate="0.9722">
          <methods>
            <method name="(anonymous_0)" hits="305" signature="()V">
              <lines>
                <line number="37" hits="305"/>
              </lines>
            </method>
            <method name="(anonymous_1)" hits="14" signature="()V">
              <lines>
                <line number="50" hits="14"/>
              </lines>
            </method>
            <method name="(anonymous_2)" hits="319" signature="()V">
              <lines>
                <line number="57" hits="319"/>
              </lines>
            </method>
            <method name="(anonymous_3)" hits="28" signature="()V">
              <lines>
                <line number="69" hits="28"/>
              </lines>
            </method>
            <method name="(anonymous_4)" hits="70" signature="()V">
              <lines>
                <line number="74" hits="70"/>
              </lines>
            </method>
            <method name="(anonymous_5)" hits="326" signature="()V">
              <lines>
                <line number="83" hits="326"/>
              </lines>
            </method>
            <method name="(anonymous_6)" hits="14" signature="()V">
              <lines>
                <line number="90" hits="14"/>
              </lines>
            </method>
            <method name="(anonymous_7)" hits="35" signature="()V">
              <lines>
                <line number="95" hits="35"/>
              </lines>
            </method>
            <method name="(anonymous_8)" hits="319" signature="()V">
              <lines>
                <line number="99" hits="319"/>
              </lines>
            </method>
            <method name="(anonymous_9)" hits="326" signature="()V">
              <lines>
                <line number="110" hits="326"/>
              </lines>
            </method>
            <method name="(anonymous_10)" hits="14" signature="()V">
              <lines>
                <line number="131" hits="14"/>
              </lines>
            </method>
            <method name="(anonymous_11)" hits="7" signature="()V">
              <lines>
                <line number="148" hits="7"/>
              </lines>
            </method>
            <method name="(anonymous_12)" hits="14" signature="()V">
              <lines>
                <line number="160" hits="14"/>
              </lines>
            </method>
            <method name="(anonymous_13)" hits="7" signature="()V">
              <lines>
                <line number="164" hits="7"/>
              </lines>
            </method>
            <method name="(anonymous_14)" hits="14" signature="()V">
              <lines>
                <line number="182" hits="14"/>
              </lines>
            </method>
            <method name="(anonymous_15)" hits="166" signature="()V">
              <lines>
                <line number="194" hits="166"/>
              </lines>
            </method>
          </methods>
          <lines>
            <line number="3" hits="1" branch="false"/>
            <line number="17" hits="1" branch="false"/>
            <line number="31" hits="1" branch="false"/>
            <line number="34" hits="1" branch="false"/>
            <line number="35" hits="1" branch="false"/>
            <line number="38" hits="305" branch="false"/>
            <line number="39" hits="305" branch="false"/>
            <line number="40" hits="305" branch="false"/>
            <line number="41" hits="305" branch="true" condition-coverage="100% (2/2)"/>
            <line number="42" hits="305" branch="true" condition-coverage="100% (2/2)"/>
            <line number="47" hits="305" branch="false"/>
            <line number="51" hits="14" branch="false"/>
            <line number="52" hits="14" branch="false"/>
            <line number="53" hits="14" branch="false"/>
            <line number="58" hits="319" branch="false"/>
            <line number="66" hits="319" branch="false"/>
            <line number="70" hits="28" branch="false"/>
            <line number="75" hits="70" branch="false"/>
            <line number="76" hits="70" branch="false"/>
            <line number="77" hits="70" branch="false"/>
            <line number="78" hits="70" branch="true" condition-coverage="100% (2/2)"/>
            <line number="79" hits="70" branch="false"/>
            <line number="84" hits="326" branch="true" condition-coverage="100% (4/4)"/>
            <line number="85" hits="326" branch="true" condition-coverage="100% (2/2)"/>
            <line number="87" hits="326" branch="false"/>
            <line number="91" hits="14" branch="false"/>
            <line number="96" hits="35" branch="false"/>
            <line number="100" hits="319" branch="false"/>
            <line number="102" hits="319" branch="false"/>
            <line number="111" hits="326" branch="false"/>
            <line number="113" hits="326" branch="false"/>
            <line number="114" hits="606" branch="true" condition-coverage="100% (2/2)"/>
            <line number="116" hits="272" branch="false"/>
            <line number="117" hits="272" branch="false"/>
            <line number="118" hits="334" branch="true" condition-coverage="100% (2/2)"/>
            <line number="120" hits="8" branch="false"/>
            <line number="121" hits="8" branch="false"/>
            <line number="122" hits="326" branch="false"/>
            <line number="125" hits="326" branch="true" condition-coverage="100% (2/2)"/>
            <line number="126" hits="326" branch="true" condition-coverage="100% (2/2)"/>
            <line number="127" hits="326" branch="false"/>
            <line number="135" hits="14" branch="false"/>
            <line number="139" hits="14" branch="false"/>
            <line number="144" hits="14" branch="false"/>
            <line number="152" hits="7" branch="false"/>
            <line number="153" hits="7" branch="false"/>
            <line number="155" hits="7" branch="false"/>
            <line number="157" hits="7" branch="true" condition-coverage="100% (2/2)"/>
            <line number="161" hits="14" branch="false"/>
            <line number="165" hits="7" branch="false"/>
            <line number="166" hits="7" branch="false"/>
            <line number="168" hits="7" branch="true" condition-coverage="100% (2/2)"/>
            <line number="170" hits="7" branch="false"/>
            <line number="183" hits="14" branch="false"/>
            <line number="185" hits="14" branch="false"/>
            <line number="194" hits="305" branch="false"/>
            <line number="197" hits="1" branch="false"/>
          </lines>
        </class>
        <class name="SoundStorage.js" filename="customModules\audioModules\SoundStorage.js" line-rate="1" branch-rate="1">
          <methods>
            <method name="(anonymous_0)" hits="36" signature="()V">
              <lines>
                <line number="8" hits="36"/>
              </lines>
            </method>
            <method name="(anonymous_1)" hits="354" signature="()V">
              <lines>
                <line number="15" hits="354"/>
              </lines>
            </method>
            <method name="(anonymous_2)" hits="3" signature="()V">
              <lines>
                <line number="21" hits="3"/>
              </lines>
            </method>
            <method name="(anonymous_3)" hits="15" signature="()V">
              <lines>
                <line number="23" hits="15"/>
              </lines>
            </method>
            <method name="(anonymous_4)" hits="172" signature="()V">
              <lines>
                <line number="29" hits="172"/>
              </lines>
            </method>
            <method name="(anonymous_5)" hits="15600" signature="()V">
              <lines>
                <line number="33" hits="15600"/>
              </lines>
            </method>
            <method name="(anonymous_6)" hits="470829" signature="()V">
              <lines>
                <line number="34" hits="470829"/>
              </lines>
            </method>
            <method name="(anonymous_7)" hits="470829" signature="()V">
              <lines>
                <line number="34" hits="470829"/>
              </lines>
            </method>
            <method name="(anonymous_8)" hits="87" signature="()V">
              <lines>
                <line number="39" hits="87"/>
              </lines>
            </method>
            <method name="(anonymous_9)" hits="2400" signature="()V">
              <lines>
                <line number="50" hits="2400"/>
              </lines>
            </method>
            <method name="(anonymous_10)" hits="397" signature="()V">
              <lines>
                <line number="64" hits="397"/>
              </lines>
            </method>
            <method name="(anonymous_11)" hits="3" signature="()V">
              <lines>
                <line number="68" hits="3"/>
              </lines>
            </method>
          </methods>
          <lines>
            <line number="3" hits="1" branch="false"/>
            <line number="10" hits="36" branch="false"/>
            <line number="11" hits="36" branch="false"/>
            <line number="12" hits="36" branch="false"/>
            <line number="16" hits="354" branch="false"/>
            <line number="17" hits="354" branch="false"/>
            <line number="18" hits="354" branch="false"/>
            <line number="22" hits="3" branch="false"/>
            <line number="24" hits="15" branch="false"/>
            <line number="31" hits="172" branch="false"/>
            <line number="34" hits="470829" branch="false"/>
            <line number="40" hits="87" branch="true" condition-coverage="100% (2/2)"/>
            <line number="42" hits="84" branch="false"/>
            <line number="44" hits="84" branch="false"/>
            <line number="45" hits="84" branch="false"/>
            <line number="47" hits="84" branch="false"/>
            <line number="50" hits="84" branch="false"/>
            <line number="52" hits="2400" branch="true" condition-coverage="100% (2/2)"/>
            <line number="54" hits="2303" branch="false"/>
            <line number="55" hits="2303" branch="false"/>
            <line number="57" hits="97" branch="false"/>
            <line number="61" hits="84" branch="false"/>
            <line number="65" hits="397" branch="false"/>
            <line number="69" hits="3" branch="false"/>
            <line number="70" hits="3" branch="false"/>
            <line number="74" hits="1" branch="false"/>
          </lines>
        </class>
        <class name="SoundStorageEvent.js" filename="customModules\audioModules\SoundStorageEvent.js" line-rate="0.8974" branch-rate="0.8">
          <methods>
            <method name="(anonymous_0)" hits="27" signature="()V">
              <lines>
                <line number="6" hits="27"/>
              </lines>
            </method>
            <method name="(anonymous_1)" hits="324" signature="()V">
              <lines>
                <line number="13" hits="324"/>
              </lines>
            </method>
            <method name="(anonymous_2)" hits="88" signature="()V">
              <lines>
                <line number="25" hits="88"/>
              </lines>
            </method>
            <method name="(anonymous_3)" hits="6" signature="()V">
              <lines>
                <line number="34" hits="6"/>
              </lines>
            </method>
            <method name="(anonymous_4)" hits="36" signature="()V">
              <lines>
                <line number="37" hits="36"/>
              </lines>
            </method>
            <method name="(anonymous_5)" hits="36" signature="()V">
              <lines>
                <line number="38" hits="36"/>
              </lines>
            </method>
            <method name="(anonymous_6)" hits="82" signature="()V">
              <lines>
                <line number="42" hits="82"/>
              </lines>
            </method>
            <method name="(anonymous_7)" hits="2354" signature="()V">
              <lines>
                <line number="45" hits="2354"/>
              </lines>
            </method>
            <method name="(anonymous_8)" hits="2354" signature="()V">
              <lines>
                <line number="46" hits="2354"/>
              </lines>
            </method>
            <method name="(anonymous_9)" hits="3" signature="()V">
              <lines>
                <line number="51" hits="3"/>
              </lines>
            </method>
            <method name="(anonymous_10)" hits="18" signature="()V">
              <lines>
                <line number="54" hits="18"/>
              </lines>
            </method>
            <method name="(anonymous_11)" hits="82" signature="()V">
              <lines>
                <line number="63" hits="82"/>
              </lines>
            </method>
            <method name="(anonymous_12)" hits="2350" signature="()V">
              <lines>
                <line number="69" hits="2350"/>
              </lines>
            </method>
            <method name="(anonymous_13)" hits="3" signature="()V">
              <lines>
                <line number="77" hits="3"/>
              </lines>
            </method>
          </methods>
          <lines>
            <line number="3" hits="1" branch="false"/>
            <line number="7" hits="27" branch="false"/>
            <line number="8" hits="27" branch="false"/>
            <line number="9" hits="27" branch="false"/>
            <line number="10" hits="27" branch="false"/>
            <line number="14" hits="324" branch="true" condition-coverage="50% (1/2)"/>
            <line number="15" hits="0" branch="false"/>
            <line number="16" hits="0" branch="false"/>
            <line number="17" hits="0" branch="false"/>
            <line number="18" hits="324" branch="true" condition-coverage="100% (2/2)"/>
            <line number="19" hits="9" branch="false"/>
            <line number="22" hits="324" branch="false"/>
            <line number="26" hits="88" branch="false"/>
            <line number="27" hits="88" branch="false"/>
            <line number="35" hits="6" branch="false"/>
            <line number="36" hits="6" branch="false"/>
            <line number="37" hits="36" branch="true" condition-coverage="100% (2/2)"/>
            <line number="38" hits="36" branch="false"/>
            <line number="43" hits="82" branch="false"/>
            <line number="44" hits="82" branch="false"/>
            <line number="45" hits="2354" branch="true" condition-coverage="100% (2/2)"/>
            <line number="46" hits="2354" branch="false"/>
            <line number="48" hits="82" branch="false"/>
            <line number="52" hits="3" branch="false"/>
            <line number="54" hits="3" branch="false"/>
            <line number="55" hits="18" branch="true" condition-coverage="100% (2/2)"/>
            <line number="56" hits="6" branch="false"/>
            <line number="58" hits="18" branch="false"/>
            <line number="64" hits="82" branch="true" condition-coverage="50% (1/2)"/>
            <line number="66" hits="82" branch="true" condition-coverage="50% (1/2)"/>
            <line number="68" hits="82" branch="false"/>
            <line number="70" hits="2350" branch="false"/>
            <line number="74" hits="82" branch="false"/>
            <line number="78" hits="3" branch="false"/>
            <line number="80" hits="3" branch="true" condition-coverage="50% (1/2)"/>
            <line number="82" hits="0" branch="false"/>
            <line number="85" hits="3" branch="false"/>
            <line number="88" hits="27" branch="false"/>
            <line number="91" hits="1" branch="false"/>
          </lines>
        </class>
        <class name="index.js" filename="customModules\audioModules\index.js" line-rate="1" branch-rate="1">
          <methods>
          </methods>
          <lines>
            <line number="1" hits="1" branch="false"/>
            <line number="2" hits="1" branch="false"/>
            <line number="3" hits="1" branch="false"/>
            <line number="4" hits="1" branch="false"/>
            <line number="6" hits="1" branch="false"/>
            <line number="7" hits="1" branch="false"/>
            <line number="8" hits="1" branch="false"/>
            <line number="9" hits="1" branch="false"/>
            <line number="10" hits="1" branch="false"/>
            <line number="11" hits="1" branch="false"/>
            <line number="12" hits="1" branch="false"/>
            <line number="13" hits="1" branch="false"/>
            <line number="14" hits="1" branch="false"/>
            <line number="15" hits="1" branch="false"/>
            <line number="16" hits="1" branch="false"/>
            <line number="17" hits="1" branch="false"/>
            <line number="18" hits="1" branch="false"/>
            <line number="19" hits="1" branch="false"/>
          </lines>
        </class>
        <class name="Weights.js" filename="customModules\audioModules\Weights.js" line-rate="1" branch-rate="1">
          <methods>
            <method name="(anonymous_0)" hits="9" signature="()V">
              <lines>
                <line number="4" hits="9"/>
              </lines>
            </method>
            <method name="(anonymous_1)" hits="10" signature="()V">
              <lines>
                <line number="9" hits="10"/>
              </lines>
            </method>
            <method name="(anonymous_2)" hits="1035" signature="()V">
              <lines>
                <line number="17" hits="1035"/>
              </lines>
            </method>
            <method name="(anonymous_3)" hits="1035" signature="()V">
              <lines>
                <line number="23" hits="1035"/>
              </lines>
            </method>
            <method name="(anonymous_4)" hits="1293" signature="()V">
              <lines>
                <line number="29" hits="1293"/>
              </lines>
            </method>
            <method name="(anonymous_5)" hits="1035" signature="()V">
              <lines>
                <line number="39" hits="1035"/>
              </lines>
            </method>
            <method name="(anonymous_6)" hits="1280" signature="()V">
              <lines>
                <line number="51" hits="1280"/>
              </lines>
            </method>
            <method name="(anonymous_7)" hits="4" signature="()V">
              <lines>
                <line number="65" hits="4"/>
              </lines>
            </method>
            <method name="(anonymous_8)" hits="2" signature="()V">
              <lines>
                <line number="71" hits="2"/>
              </lines>
            </method>
            <method name="(anonymous_9)" hits="2" signature="()V">
              <lines>
                <line number="77" hits="2"/>
              </lines>
            </method>
            <method name="(anonymous_10)" hits="257" signature="()V">
              <lines>
                <line number="84" hits="257"/>
              </lines>
            </method>
            <method name="(anonymous_11)" hits="256" signature="()V">
              <lines>
                <line number="101" hits="256"/>
              </lines>
            </method>
          </methods>
          <lines>
            <line number="5" hits="9" branch="false"/>
            <line number="6" hits="9" branch="false"/>
            <line number="7" hits="9" branch="false"/>
            <line number="9" hits="10" branch="true" condition-coverage="100% (2/2)"/>
            <line number="11" hits="9" branch="false"/>
            <line number="13" hits="9" branch="false"/>
            <line number="14" hits="9" branch="false"/>
            <line number="18" hits="1035" branch="false"/>
            <line number="24" hits="1035" branch="false"/>
            <line number="25" hits="1035" branch="false"/>
            <line number="27" hits="1035" branch="true" condition-coverage="100% (2/2)"/>
            <line number="28" hits="776" branch="false"/>
            <line number="29" hits="776" branch="false"/>
            <line number="30" hits="1293" branch="false"/>
            <line number="33" hits="776" branch="false"/>
            <line number="36" hits="1035" branch="false"/>
            <line number="40" hits="1035" branch="false"/>
            <line number="41" hits="1035" branch="false"/>
            <line number="43" hits="1035" branch="true" condition-coverage="100% (2/2)"/>
            <line number="44" hits="1027" branch="false"/>
            <line number="45" hits="1027" branch="false"/>
            <line number="48" hits="1035" branch="false"/>
            <line number="53" hits="1280" branch="true" condition-coverage="100% (4/4)"/>
            <line number="56" hits="1280" branch="false"/>
            <line number="60" hits="1280" branch="false"/>
            <line number="66" hits="4" branch="false"/>
            <line number="72" hits="2" branch="false"/>
            <line number="78" hits="2" branch="false"/>
            <line number="85" hits="257" branch="false"/>
            <line number="87" hits="257" branch="false"/>
            <line number="91" hits="257" branch="false"/>
            <line number="93" hits="257" branch="false"/>
            <line number="95" hits="257" branch="true" condition-coverage="100% (2/2)"/>
            <line number="96" hits="257" branch="true" condition-coverage="100% (2/2)"/>
            <line number="98" hits="257" branch="false"/>
            <line number="102" hits="256" branch="false"/>
            <line number="104" hits="256" branch="false"/>
            <line number="108" hits="1" branch="false"/>
            <line number="109" hits="1" branch="false"/>
            <line number="110" hits="1" branch="false"/>
            <line number="111" hits="1" branch="false"/>
            <line number="112" hits="1" branch="false"/>
          </lines>
        </class>
      </classes>
    </package>
    <package name="audioModules.audioHandlerComponents" line-rate="0.6241" branch-rate="0.4">
      <classes>
        <class name="AudioEvents.js" filename="customModules\audioModules\audioHandlerComponents\AudioEvents.js" line-rate="1" branch-rate="1">
          <methods>
          </methods>
          <lines>
            <line number="5" hits="1" branch="false"/>
            <line number="6" hits="1" branch="false"/>
            <line number="7" hits="1" branch="false"/>
            <line number="8" hits="1" branch="false"/>
            <line number="9" hits="1" branch="false"/>
            <line number="10" hits="1" branch="false"/>
            <line number="11" hits="1" branch="false"/>
            <line number="12" hits="1" branch="false"/>
            <line number="13" hits="1" branch="false"/>
            <line number="14" hits="1" branch="false"/>
            <line number="17" hits="1" branch="false"/>
          </lines>
        </class>
        <class name="AudioSetup.js" filename="customModules\audioModules\audioHandlerComponents\AudioSetup.js" line-rate="0.4324" branch-rate="0">
          <methods>
            <method name="(anonymous_0)" hits="6" signature="()V">
              <lines>
                <line number="11" hits="6"/>
              </lines>
            </method>
            <method name="(anonymous_1)" hits="0" signature="()V">
              <lines>
                <line number="20" hits="0"/>
              </lines>
            </method>
            <method name="(anonymous_2)" hits="0" signature="()V">
              <lines>
                <line number="24" hits="0"/>
              </lines>
            </method>
            <method name="(anonymous_3)" hits="6" signature="()V">
              <lines>
                <line number="28" hits="6"/>
              </lines>
            </method>
            <method name="(anonymous_4)" hits="0" signature="()V">
              <lines>
                <line number="40" hits="0"/>
              </lines>
            </method>
            <method name="(anonymous_5)" hits="0" signature="()V">
              <lines>
                <line number="48" hits="0"/>
              </lines>
            </method>
            <method name="(anonymous_6)" hits="0" signature="()V">
              <lines>
                <line number="53" hits="0"/>
              </lines>
            </method>
            <method name="(anonymous_7)" hits="0" signature="()V">
              <lines>
                <line number="59" hits="0"/>
              </lines>
            </method>
            <method name="(anonymous_8)" hits="0" signature="()V">
              <lines>
                <line number="63" hits="0"/>
              </lines>
            </method>
            <method name="(anonymous_9)" hits="0" signature="()V">
              <lines>
                <line number="68" hits="0"/>
              </lines>
            </method>
            <method name="(anonymous_10)" hits="0" signature="()V">
              <lines>
                <line number="72" hits="0"/>
              </lines>
            </method>
            <method name="(anonymous_11)" hits="0" signature="()V">
              <lines>
                <line number="80" hits="0"/>
              </lines>
            </method>
            <method name="(anonymous_12)" hits="0" signature="()V">
              <lines>
                <line number="84" hits="0"/>
              </lines>
            </method>
          </methods>
          <lines>
            <line number="3" hits="1" branch="false"/>
            <line number="4" hits="1" branch="false"/>
            <line number="7" hits="6" branch="false"/>
            <line number="8" hits="6" branch="false"/>
            <line number="9" hits="6" branch="false"/>
            <line number="12" hits="6" branch="false"/>
            <line number="14" hits="6" branch="false"/>
            <line number="15" hits="6" branch="false"/>
            <line number="17" hits="6" branch="false"/>
            <line number="21" hits="0" branch="false"/>
            <line number="25" hits="0" branch="true" condition-coverage="0% (0/2)"/>
            <line number="29" hits="6" branch="false"/>
            <line number="31" hits="6" branch="false"/>
            <line number="32" hits="6" branch="false"/>
            <line number="34" hits="6" branch="false"/>
            <line number="35" hits="6" branch="false"/>
            <line number="37" hits="6" branch="false"/>
            <line number="41" hits="0" branch="false"/>
            <line number="42" hits="0" branch="false"/>
            <line number="44" hits="0" branch="false"/>
            <line number="46" hits="0" branch="false"/>
            <line number="48" hits="0" branch="false"/>
            <line number="49" hits="0" branch="false"/>
            <line number="54" hits="0" branch="false"/>
            <line number="55" hits="0" branch="false"/>
            <line number="56" hits="0" branch="false"/>
            <line number="60" hits="0" branch="false"/>
            <line number="64" hits="0" branch="false"/>
            <line number="69" hits="0" branch="false"/>
            <line number="73" hits="0" branch="false"/>
            <line number="74" hits="0" branch="false"/>
            <line number="76" hits="0" branch="false"/>
            <line number="81" hits="0" branch="false"/>
            <line number="85" hits="0" branch="false"/>
            <line number="86" hits="0" branch="false"/>
            <line number="88" hits="0" branch="false"/>
            <line number="92" hits="1" branch="false"/>
          </lines>
        </class>
        <class name="Correlation.js" filename="customModules\audioModules\audioHandlerComponents\Correlation.js" line-rate="0.25" branch-rate="0">
          <methods>
            <method name="(anonymous_0)" hits="6" signature="()V">
              <lines>
                <line number="4" hits="6"/>
              </lines>
            </method>
            <method name="(anonymous_1)" hits="0" signature="()V">
              <lines>
                <line number="22" hits="0"/>
              </lines>
            </method>
            <method name="(anonymous_2)" hits="0" signature="()V">
              <lines>
                <line number="24" hits="0"/>
              </lines>
            </method>
          </methods>
          <lines>
            <line number="11" hits="6" branch="false"/>
            <line number="13" hits="6" branch="false"/>
            <line number="14" hits="6" branch="false"/>
            <line number="16" hits="6" branch="false"/>
            <line number="17" hits="6" branch="false"/>
            <line number="18" hits="6" branch="false"/>
            <line number="19" hits="6" branch="false"/>
            <line number="23" hits="0" branch="false"/>
            <line number="25" hits="0" branch="false"/>
            <line number="29" hits="0" branch="true" condition-coverage="0% (0/4)"/>
            <line number="31" hits="0" branch="false"/>
            <line number="33" hits="0" branch="false"/>
            <line number="34" hits="0" branch="false"/>
            <line number="35" hits="0" branch="false"/>
            <line number="36" hits="0" branch="false"/>
            <line number="38" hits="0" branch="false"/>
            <line number="39" hits="0" branch="false"/>
            <line number="41" hits="0" branch="false"/>
            <line number="42" hits="0" branch="false"/>
            <line number="44" hits="0" branch="false"/>
            <line number="46" hits="0" branch="false"/>
            <line number="48" hits="0" branch="true" condition-coverage="0% (0/2)"/>
            <line number="52" hits="0" branch="true" condition-coverage="0% (0/2)"/>
            <line number="53" hits="0" branch="false"/>
            <line number="54" hits="0" branch="false"/>
            <line number="57" hits="0" branch="false"/>
            <line number="59" hits="0" branch="false"/>
            <line number="63" hits="0" branch="false"/>
            <line number="66" hits="0" branch="true" condition-coverage="0% (0/2)"/>
            <line number="67" hits="0" branch="false"/>
            <line number="69" hits="0" branch="false"/>
            <line number="73" hits="1" branch="false"/>
          </lines>
        </class>
        <class name="Device.js" filename="customModules\audioModules\audioHandlerComponents\Device.js" line-rate="1" branch-rate="1">
          <methods>
            <method name="(anonymous_0)" hits="252" signature="()V">
              <lines>
                <line number="10" hits="252"/>
              </lines>
            </method>
            <method name="(anonymous_1)" hits="2" signature="()V">
              <lines>
                <line number="22" hits="2"/>
              </lines>
            </method>
          </methods>
          <lines>
            <line number="5" hits="1" branch="false"/>
            <line number="11" hits="252" branch="true" condition-coverage="100% (4/4)"/>
            <line number="12" hits="2" branch="false"/>
            <line number="14" hits="250" branch="false"/>
            <line number="15" hits="250" branch="false"/>
            <line number="16" hits="250" branch="false"/>
            <line number="17" hits="250" branch="false"/>
            <line number="18" hits="250" branch="false"/>
            <line number="23" hits="2" branch="false"/>
            <line number="24" hits="2" branch="false"/>
            <line number="25" hits="2" branch="false"/>
            <line number="26" hits="2" branch="false"/>
            <line number="27" hits="2" branch="false"/>
            <line number="31" hits="1" branch="false"/>
          </lines>
        </class>
        <class name="DeviceHandler.js" filename="customModules\audioModules\audioHandlerComponents\DeviceHandler.js" line-rate="0.8529000000000001" branch-rate="0.7143">
          <methods>
            <method name="(anonymous_0)" hits="0" signature="()V">
              <lines>
                <line number="8" hits="0"/>
              </lines>
            </method>
            <method name="(anonymous_1)" hits="24" signature="()V">
              <lines>
                <line number="11" hits="24"/>
              </lines>
            </method>
            <method name="(anonymous_2)" hits="1" signature="()V">
              <lines>
                <line number="19" hits="1"/>
              </lines>
            </method>
            <method name="(anonymous_3)" hits="1" signature="()V">
              <lines>
                <line number="25" hits="1"/>
              </lines>
            </method>
            <method name="(anonymous_4)" hits="0" signature="()V">
              <lines>
                <line number="29" hits="0"/>
              </lines>
            </method>
            <method name="(anonymous_5)" hits="16" signature="()V">
              <lines>
                <line number="40" hits="16"/>
              </lines>
            </method>
            <method name="(anonymous_6)" hits="120" signature="()V">
              <lines>
                <line number="42" hits="120"/>
              </lines>
            </method>
            <method name="(anonymous_7)" hits="6" signature="()V">
              <lines>
                <line number="47" hits="6"/>
              </lines>
            </method>
            <method name="(anonymous_8)" hits="2" signature="()V">
              <lines>
                <line number="51" hits="2"/>
              </lines>
            </method>
            <method name="(anonymous_9)" hits="15" signature="()V">
              <lines>
                <line number="52" hits="15"/>
              </lines>
            </method>
            <method name="(anonymous_10)" hits="2" signature="()V">
              <lines>
                <line number="56" hits="2"/>
              </lines>
            </method>
            <method name="(anonymous_11)" hits="6" signature="()V">
              <lines>
                <line number="58" hits="6"/>
              </lines>
            </method>
            <method name="(anonymous_12)" hits="1" signature="()V">
              <lines>
                <line number="71" hits="1"/>
              </lines>
            </method>
            <method name="(anonymous_13)" hits="1" signature="()V">
              <lines>
                <line number="74" hits="1"/>
              </lines>
            </method>
            <method name="(anonymous_14)" hits="2" signature="()V">
              <lines>
                <line number="78" hits="2"/>
              </lines>
            </method>
            <method name="(anonymous_15)" hits="2" signature="()V">
              <lines>
                <line number="85" hits="2"/>
              </lines>
            </method>
          </methods>
          <lines>
            <line number="3" hits="1" branch="false"/>
            <line number="6" hits="24" branch="false"/>
            <line number="7" hits="24" branch="false"/>
            <line number="8" hits="24" branch="false"/>
            <line number="12" hits="24" branch="true" condition-coverage="50% (1/2)"/>
            <line number="14" hits="24" branch="false"/>
            <line number="15" hits="24" branch="false"/>
            <line number="22" hits="1" branch="false"/>
            <line number="26" hits="1" branch="false"/>
            <line number="28" hits="1" branch="false"/>
            <line number="29" hits="0" branch="false"/>
            <line number="30" hits="0" branch="false"/>
            <line number="32" hits="0" branch="true" condition-coverage="0% (0/2)"/>
            <line number="34" hits="0" branch="false"/>
            <line number="37" hits="0" branch="false"/>
            <line number="41" hits="16" branch="false"/>
            <line number="42" hits="120" branch="false"/>
            <line number="48" hits="6" branch="false"/>
            <line number="50" hits="6" branch="false"/>
            <line number="51" hits="2" branch="true" condition-coverage="100% (2/2)"/>
            <line number="52" hits="15" branch="true" condition-coverage="100% (2/2)"/>
            <line number="57" hits="2" branch="false"/>
            <line number="58" hits="6" branch="true" condition-coverage="50% (1/2)"/>
            <line number="60" hits="2" branch="true" condition-coverage="100% (2/2)"/>
            <line number="64" hits="2" branch="false"/>
            <line number="71" hits="24" branch="false"/>
            <line number="72" hits="1" branch="false"/>
            <line number="74" hits="24" branch="false"/>
            <line number="75" hits="1" branch="false"/>
            <line number="79" hits="2" branch="false"/>
            <line number="81" hits="2" branch="false"/>
            <line number="86" hits="2" branch="false"/>
            <line number="88" hits="2" branch="true" condition-coverage="100% (2/2)"/>
            <line number="96" hits="1" branch="false"/>
          </lines>
        </class>
        <class name="defaultAudioValues.js" filename="customModules\audioModules\audioHandlerComponents\defaultAudioValues.js" line-rate="1" branch-rate="1">
          <methods>
          </methods>
          <lines>
            <line number="1" hits="1" branch="false"/>
            <line number="24" hits="1" branch="false"/>
            <line number="25" hits="1" branch="false"/>
            <line number="26" hits="1" branch="false"/>
            <line number="27" hits="1" branch="false"/>
          </lines>
        </class>
      </classes>
    </package>
    <package name="audioModules.audioHandlerComponents.audioSetupComponents" line-rate="1" branch-rate="1">
      <classes>
        <class name="Analyser.js" filename="customModules\audioModules\audioHandlerComponents\audioSetupComponents\Analyser.js" line-rate="1" branch-rate="1">
          <methods>
            <method name="(anonymous_0)" hits="8" signature="()V">
              <lines>
                <line number="7" hits="8"/>
              </lines>
            </method>
            <method name="(anonymous_1)" hits="9" signature="()V">
              <lines>
                <line number="11" hits="9"/>
              </lines>
            </method>
          </methods>
          <lines>
            <line number="3" hits="1" branch="false"/>
            <line number="4" hits="1" branch="false"/>
            <line number="8" hits="8" branch="false"/>
            <line number="12" hits="9" branch="false"/>
            <line number="14" hits="9" branch="true" condition-coverage="100% (2/2)"/>
            <line number="16" hits="9" branch="false"/>
            <line number="20" hits="1" branch="false"/>
          </lines>
        </class>
        <class name="Gain.js" filename="customModules\audioModules\audioHandlerComponents\audioSetupComponents\Gain.js" line-rate="1" branch-rate="1">
          <methods>
            <method name="(anonymous_0)" hits="8" signature="()V">
              <lines>
                <line number="7" hits="8"/>
              </lines>
            </method>
            <method name="(anonymous_1)" hits="9" signature="()V">
              <lines>
                <line number="11" hits="9"/>
              </lines>
            </method>
          </methods>
          <lines>
            <line number="3" hits="1" branch="false"/>
            <line number="4" hits="1" branch="false"/>
            <line number="8" hits="8" branch="false"/>
            <line number="12" hits="9" branch="false"/>
            <line number="14" hits="9" branch="true" condition-coverage="100% (2/2)"/>
            <line number="16" hits="9" branch="false"/>
            <line number="20" hits="1" branch="false"/>
          </lines>
        </class>
        <class name="IAudioNode.js" filename="customModules\audioModules\audioHandlerComponents\audioSetupComponents\IAudioNode.js" line-rate="1" branch-rate="1">
          <methods>
            <method name="(anonymous_0)" hits="20" signature="()V">
              <lines>
                <line number="9" hits="20"/>
              </lines>
            </method>
            <method name="(anonymous_1)" hits="1" signature="()V">
              <lines>
                <line number="14" hits="1"/>
              </lines>
            </method>
            <method name="(anonymous_2)" hits="27" signature="()V">
              <lines>
                <line number="18" hits="27"/>
              </lines>
            </method>
            <method name="(anonymous_3)" hits="1" signature="()V">
              <lines>
                <line number="23" hits="1"/>
              </lines>
            </method>
            <method name="(anonymous_4)" hits="1" signature="()V">
              <lines>
                <line number="29" hits="1"/>
              </lines>
            </method>
          </methods>
          <lines>
            <line number="3" hits="1" branch="false"/>
            <line number="6" hits="20" branch="false"/>
            <line number="7" hits="20" branch="false"/>
            <line number="10" hits="20" branch="false"/>
            <line number="11" hits="20" branch="false"/>
            <line number="15" hits="1" branch="false"/>
            <line number="19" hits="27" branch="false"/>
            <line number="20" hits="27" branch="false"/>
            <line number="24" hits="1" branch="false"/>
            <line number="26" hits="1" branch="false"/>
            <line number="30" hits="1" branch="false"/>
            <line number="32" hits="1" branch="false"/>
            <line number="36" hits="1" branch="false"/>
          </lines>
        </class>
        <class name="MediaStreamSource.js" filename="customModules\audioModules\audioHandlerComponents\audioSetupComponents\MediaStreamSource.js" line-rate="1" branch-rate="1">
          <methods>
            <method name="(anonymous_0)" hits="1" signature="()V">
              <lines>
                <line number="6" hits="1"/>
              </lines>
            </method>
            <method name="(anonymous_1)" hits="3" signature="()V">
              <lines>
                <line number="10" hits="3"/>
              </lines>
            </method>
          </methods>
          <lines>
            <line number="3" hits="1" branch="false"/>
            <line number="7" hits="1" branch="false"/>
            <line number="11" hits="3" branch="false"/>
            <line number="13" hits="3" branch="true" condition-coverage="100% (2/2)"/>
            <line number="15" hits="3" branch="false"/>
            <line number="19" hits="1" branch="false"/>
          </lines>
        </class>
        <class name="ScriptProcessor.js" filename="customModules\audioModules\audioHandlerComponents\audioSetupComponents\ScriptProcessor.js" line-rate="1" branch-rate="1">
          <methods>
            <method name="(anonymous_0)" hits="1" signature="()V">
              <lines>
                <line number="6" hits="1"/>
              </lines>
            </method>
            <method name="(anonymous_1)" hits="3" signature="()V">
              <lines>
                <line number="10" hits="3"/>
              </lines>
            </method>
          </methods>
          <lines>
            <line number="3" hits="1" branch="false"/>
            <line number="7" hits="1" branch="false"/>
            <line number="11" hits="3" branch="false"/>
            <line number="13" hits="3" branch="true" condition-coverage="100% (2/2)"/>
            <line number="15" hits="3" branch="false"/>
            <line number="19" hits="1" branch="false"/>
          </lines>
        </class>
      </classes>
    </package>
    <package name="audioModules.utilities" line-rate="1" branch-rate="1">
      <classes>
        <class name="convertToArrayBuffer.js" filename="customModules\audioModules\utilities\convertToArrayBuffer.js" line-rate="1" branch-rate="1">
          <methods>
            <method name="convertLargeContainer" hits="1" signature="()V">
              <lines>
                <line number="3" hits="1"/>
              </lines>
            </method>
            <method name="convertToArrayBuffer" hits="2" signature="()V">
              <lines>
                <line number="13" hits="2"/>
              </lines>
            </method>
          </methods>
          <lines>
            <line number="4" hits="1" branch="false"/>
            <line number="5" hits="1" branch="false"/>
            <line number="7" hits="1" branch="false"/>
            <line number="8" hits="5" branch="false"/>
            <line number="10" hits="1" branch="false"/>
            <line number="14" hits="2" branch="false"/>
            <line number="16" hits="2" branch="true" condition-coverage="100% (2/2)"/>
            <line number="17" hits="1" branch="false"/>
            <line number="20" hits="1" branch="false"/>
            <line number="23" hits="1" branch="false"/>
          </lines>
        </class>
        <class name="fillDefaults.js" filename="customModules\audioModules\utilities\fillDefaults.js" line-rate="1" branch-rate="1">
          <methods>
            <method name="fillDefaults" hits="63" signature="()V">
              <lines>
                <line number="3" hits="63"/>
              </lines>
            </method>
          </methods>
          <lines>
            <line number="4" hits="63" branch="false"/>
            <line number="5" hits="174" branch="true" condition-coverage="100% (4/4)"/>
            <line number="6" hits="125" branch="false"/>
            <line number="10" hits="1" branch="false"/>
          </lines>
        </class>
        <class name="utilities.js" filename="customModules\audioModules\utilities\utilities.js" line-rate="1" branch-rate="1">
          <methods>
          </methods>
          <lines>
            <line number="1" hits="1" branch="false"/>
            <line number="2" hits="1" branch="false"/>
          </lines>
        </class>
      </classes>
    </package>
  </packages>
</coverage>
